TN:
SF:script/RLN.s.sol
FN:7,RLNScript.setUp
FNDA:0,RLNScript.setUp
FN:9,RLNScript.run
FNDA:0,RLNScript.run
DA:10,0
FNF:2
FNH:0
LF:1
LH:0
BRF:0
BRH:0
end_of_record
TN:
SF:src/RLN.sol
FN:114,RLN.register
FNDA:18,RLN.register
DA:115,18
BRDA:115,0,0,1
BRDA:115,0,1,17
DA:116,17
BRDA:116,1,0,1
BRDA:116,1,1,16
DA:117,16
BRDA:117,2,0,-
BRDA:117,2,1,16
DA:118,16
BRDA:118,3,0,1
BRDA:118,3,1,15
DA:120,15
DA:121,15
DA:123,15
DA:124,15
DA:127,15
FN:135,RLN.withdraw
FNDA:8,RLN.withdraw
DA:136,8
DA:137,8
BRDA:137,4,0,1
BRDA:137,4,1,7
DA:138,7
BRDA:138,5,0,1
BRDA:138,5,1,6
DA:139,6
BRDA:139,6,0,1
BRDA:139,6,1,5
DA:141,5
DA:142,5
DA:143,5
FN:148,RLN.release
FNDA:4,RLN.release
DA:149,4
DA:150,4
BRDA:150,7,0,1
BRDA:150,7,1,3
DA:151,3
BRDA:151,8,0,2
BRDA:151,8,1,1
DA:153,1
DA:154,1
DA:156,1
FN:163,RLN.slash
FNDA:6,RLN.slash
DA:164,6
BRDA:164,9,0,1
BRDA:164,9,1,5
DA:166,5
DA:167,5
BRDA:167,10,0,1
BRDA:167,10,1,4
DA:168,4
BRDA:168,11,0,1
BRDA:168,11,1,3
DA:170,3
BRDA:170,12,0,1
BRDA:170,12,1,2
DA:172,2
DA:173,2
DA:175,2
DA:176,2
DA:178,2
DA:179,2
DA:180,2
FN:184,RLN._verifyProof
FNDA:9,RLN._verifyProof
DA:189,9
FNF:5
FNH:5
LF:35
LH:35
BRF:26
BRH:25
end_of_record
TN:
SF:test/RLN.t.sol
FN:15,TestERC20.mint
FNDA:18,TestERC20.mint
DA:16,18
FN:28,MockVerifier.verifyProof
FNDA:9,MockVerifier.verifyProof
DA:33,9
FN:36,MockVerifier.changeResult
FNDA:2,MockVerifier.changeResult
DA:37,2
FNF:3
FNH:3
LF:3
LH:3
BRF:0
BRH:0
end_of_record
